<?xml version="1.0" encoding="utf-8" standalone="no"?>
<!--This file represents the results of running a test suite-->
<test-results name="/Users/Has/Dev/Spikes/Fake.Build.Demo/Code/Fake.Build.Demo/bin/Fake.Build.Demo.Core.Tests.dll" total="2" errors="0" failures="0" not-run="0" inconclusive="0" ignored="0" skipped="0" invalid="0" date="2017-06-20" time="22:15:50">
  <environment nunit-version="2.6.3.13283" clr-version="4.0.30319.42000" os-version="Unix 15.6.0.0" platform="Unix" cwd="/Users/Has/Dev/Spikes/Fake.Build.Demo" machine-name="192-168-1-103.tpgi.com.au" user="Has" user-domain="192-168-1-103.tpgi.com.au" />
  <culture-info current-culture="en-AU" current-uiculture="en-AU" />
  <test-suite type="Assembly" name="/Users/Has/Dev/Spikes/Fake.Build.Demo/Code/Fake.Build.Demo/bin/Fake.Build.Demo.Core.Tests.dll" executed="True" result="Success" success="True" time="0.028" asserts="0">
    <results>
      <test-suite type="Namespace" name="Fake" executed="True" result="Success" success="True" time="0.022" asserts="0">
        <results>
          <test-suite type="Namespace" name="Build" executed="True" result="Success" success="True" time="0.022" asserts="0">
            <results>
              <test-suite type="Namespace" name="Demo" executed="True" result="Success" success="True" time="0.022" asserts="0">
                <results>
                  <test-suite type="Namespace" name="Core" executed="True" result="Success" success="True" time="0.021" asserts="0">
                    <results>
                      <test-suite type="Namespace" name="Tests" executed="True" result="Success" success="True" time="0.021" asserts="0">
                        <results>
                          <test-suite type="TestFixture" name="CalculatorTests" executed="True" result="Success" success="True" time="0.021" asserts="0">
                            <results>
                              <test-case name="Fake.Build.Demo.Core.Tests.CalculatorTests.Add_TwoValidNumbers_ShouldReturnSum" executed="True" result="Success" success="True" time="0.013" asserts="1" />
                              <test-case name="Fake.Build.Demo.Core.Tests.CalculatorTests.Multiply_TwoValidNumbers_ShouldReturnMultiplication" executed="True" result="Success" success="True" time="0.000" asserts="1" />
                            </results>
                          </test-suite>
                        </results>
                      </test-suite>
                    </results>
                  </test-suite>
                </results>
              </test-suite>
            </results>
          </test-suite>
        </results>
      </test-suite>
    </results>
  </test-suite>
</test-results>